c:\users\ksskou001\downloads\qlearning\qlearning\clean_slate\debug\vc141.pdb
c:\users\ksskou001\downloads\qlearning\qlearning\clean_slate\debug\vc141.idb
c:\users\ksskou001\downloads\qlearning\qlearning\clean_slate\debug\c2dmatrix.obj
c:\users\ksskou001\downloads\qlearning\qlearning\clean_slate\debug\ccollisionobject.obj
c:\users\ksskou001\downloads\qlearning\qlearning\clean_slate\debug\ccontcollisionobject.obj
c:\users\ksskou001\downloads\qlearning\qlearning\clean_slate\debug\ccontcontroller.obj
c:\users\ksskou001\downloads\qlearning\qlearning\clean_slate\debug\ccontroller.obj
c:\users\ksskou001\downloads\qlearning\qlearning\clean_slate\debug\ccontminesweeper.obj
c:\users\ksskou001\downloads\qlearning\qlearning\clean_slate\debug\cdisccollisionobject.obj
c:\users\ksskou001\downloads\qlearning\qlearning\clean_slate\debug\cdisccontroller.obj
c:\users\ksskou001\downloads\qlearning\qlearning\clean_slate\debug\cdiscminesweeper.obj
c:\users\ksskou001\downloads\qlearning\qlearning\clean_slate\debug\cparams.obj
c:\users\ksskou001\downloads\qlearning\qlearning\clean_slate\debug\cqlearningcontroller.obj
c:\users\ksskou001\downloads\qlearning\qlearning\clean_slate\debug\ctimer.obj
c:\users\ksskou001\downloads\qlearning\qlearning\clean_slate\debug\main.obj
c:\users\ksskou001\downloads\qlearning\qlearning\clean_slate\debug\cminesweeper.obj
c:\users\ksskou001\downloads\qlearning\qlearning\clean_slate\debug\utils.obj
c:\users\ksskou001\downloads\qlearning\qlearning\clean_slate\debug\smart sweepers.ilk
c:\users\ksskou001\downloads\qlearning\qlearning\clean_slate\debug\smart sweepers.exe
c:\users\ksskou001\downloads\qlearning\qlearning\clean_slate\debug\smart sweepers.pdb
c:\users\ksskou001\downloads\qlearning\qlearning\clean_slate\debug\script1.res
c:\users\ksskou001\downloads\qlearning\qlearning\clean_slate\.\debug\smart sweepers.exe
c:\users\ksskou001\downloads\qlearning\qlearning\clean_slate\debug\smart sweepers.tlog\cl.command.1.tlog
c:\users\ksskou001\downloads\qlearning\qlearning\clean_slate\debug\smart sweepers.tlog\cl.read.1.tlog
c:\users\ksskou001\downloads\qlearning\qlearning\clean_slate\debug\smart sweepers.tlog\cl.write.1.tlog
c:\users\ksskou001\downloads\qlearning\qlearning\clean_slate\debug\smart sweepers.tlog\link.command.1.tlog
c:\users\ksskou001\downloads\qlearning\qlearning\clean_slate\debug\smart sweepers.tlog\link.read.1.tlog
c:\users\ksskou001\downloads\qlearning\qlearning\clean_slate\debug\smart sweepers.tlog\link.write.1.tlog
c:\users\ksskou001\downloads\qlearning\qlearning\clean_slate\debug\smart sweepers.tlog\rc.command.1.tlog
c:\users\ksskou001\downloads\qlearning\qlearning\clean_slate\debug\smart sweepers.tlog\rc.read.1.tlog
c:\users\ksskou001\downloads\qlearning\qlearning\clean_slate\debug\smart sweepers.tlog\rc.write.1.tlog
